# JRE version: OpenJDK Runtime Environment (15.0.1+9) (build 15.0.1+9-18)
# Java VM: OpenJDK 64-Bit Server VM (15.0.1+9-18, mixed mode, tiered, compressed oops, g1 gc, windows-amd64)
GC Precious Log:
 CPUs: 4 total, 4 available
 Memory: 3996M
 Large Page Support: Disabled
 NUMA Support: Disabled
 Compressed Oops: Enabled (32-bit)
 Heap Region Size: 1M
 Heap Min Capacity: 8M
 Heap Initial Capacity: 64M
 Heap Max Capacity: 1000M
 Pre-touch: Disabled
 Parallel Workers: 4
 Concurrent Workers: 1
 Concurrent Refinement Workers: 4
 Periodic GC: Disabled
Heap:
 garbage-first heap   total 37888K, used 17086K [0x00000000c1800000, 0x0000000100000000)
  region size 1024K, 2 young (2048K), 2 survivors (2048K)
 Metaspace       used 44764K, capacity 45230K, committed 45312K, reserved 1103872K
  class space    used 5424K, capacity 5572K, committed 5632K, reserved 1048576K
GC Heap History (20 events):
Event: 6.352 GC heap before
{Heap before GC invocations=6 (full 0):
 garbage-first heap   total 37888K, used 27176K [0x00000000c1800000, 0x0000000100000000)
  region size 1024K, 22 young (22528K), 3 survivors (3072K)
 Metaspace       used 24315K, capacity 24631K, committed 24832K, reserved 1071104K
  class space    used 2601K, capacity 2703K, committed 2816K, reserved 1048576K
}
Event: 6.357 GC heap after
{Heap after GC invocations=7 (full 0):
 garbage-first heap   total 37888K, used 9800K [0x00000000c1800000, 0x0000000100000000)
  region size 1024K, 2 young (2048K), 2 survivors (2048K)
 Metaspace       used 24315K, capacity 24631K, committed 24832K, reserved 1071104K
  class space    used 2601K, capacity 2703K, committed 2816K, reserved 1048576K
}
Event: 6.362 GC heap before
{Heap before GC invocations=7 (full 0):
 garbage-first heap   total 37888K, used 25160K [0x00000000c1800000, 0x0000000100000000)
  region size 1024K, 18 young (18432K), 2 survivors (2048K)
 Metaspace       used 24315K, capacity 24631K, committed 24832K, reserved 1071104K
  class space    used 2601K, capacity 2703K, committed 2816K, reserved 1048576K
}
Event: 6.364 GC heap after
{Heap after GC invocations=8 (full 0):
 garbage-first heap   total 37888K, used 9935K [0x00000000c1800000, 0x0000000100000000)
  region size 1024K, 2 young (2048K), 2 survivors (2048K)
 Metaspace       used 24315K, capacity 24631K, committed 24832K, reserved 1071104K
  class space    used 2601K, capacity 2703K, committed 2816K, reserved 1048576K
}
Event: 6.369 GC heap before
{Heap before GC invocations=8 (full 0):
 garbage-first heap   total 37888K, used 26319K [0x00000000c1800000, 0x0000000100000000)
  region size 1024K, 19 young (19456K), 2 survivors (2048K)
 Metaspace       used 24315K, capacity 24631K, committed 24832K, reserved 1071104K
  class space    used 2601K, capacity 2703K, committed 2816K, reserved 1048576K
}
Event: 6.371 GC heap after
{Heap after GC invocations=9 (full 0):
 garbage-first heap   total 37888K, used 9811K [0x00000000c1800000, 0x0000000100000000)
  region size 1024K, 2 young (2048K), 2 survivors (2048K)
 Metaspace       used 24315K, capacity 24631K, committed 24832K, reserved 1071104K
  class space    used 2601K, capacity 2703K, committed 2816K, reserved 1048576K
}
Event: 7.115 GC heap before
{Heap before GC invocations=9 (full 0):
 garbage-first heap   total 37888K, used 28243K [0x00000000c1800000, 0x0000000100000000)
  region size 1024K, 20 young (20480K), 2 survivors (2048K)
 Metaspace       used 26032K, capacity 26381K, committed 26496K, reserved 1073152K
  class space    used 2767K, capacity 2853K, committed 2944K, reserved 1048576K
}
Event: 7.119 GC heap after
{Heap after GC invocations=10 (full 0):
 garbage-first heap   total 37888K, used 11075K [0x00000000c1800000, 0x0000000100000000)
  region size 1024K, 3 young (3072K), 3 survivors (3072K)
 Metaspace       used 26032K, capacity 26381K, committed 26496K, reserved 1073152K
  class space    used 2767K, capacity 2853K, committed 2944K, reserved 1048576K
}
Event: 7.948 GC heap before
{Heap before GC invocations=10 (full 0):
 garbage-first heap   total 37888K, used 28483K [0x00000000c1800000, 0x0000000100000000)
  region size 1024K, 20 young (20480K), 3 survivors (3072K)
 Metaspace       used 27510K, capacity 27882K, committed 27904K, reserved 1075200K
  class space    used 2955K, capacity 3065K, committed 3072K, reserved 1048576K
}
Event: 7.952 GC heap after
{Heap after GC invocations=11 (full 0):
 garbage-first heap   total 37888K, used 11564K [0x00000000c1800000, 0x0000000100000000)
  region size 1024K, 3 young (3072K), 3 survivors (3072K)
 Metaspace       used 27510K, capacity 27882K, committed 27904K, reserved 1075200K
  class space    used 2955K, capacity 3065K, committed 3072K, reserved 1048576K
}
Event: 8.688 GC heap before
{Heap before GC invocations=11 (full 0):
 garbage-first heap   total 37888K, used 27948K [0x00000000c1800000, 0x0000000100000000)
  region size 1024K, 19 young (19456K), 3 survivors (3072K)
 Metaspace       used 30138K, capacity 30541K, committed 30720K, reserved 1077248K
  class space    used 3400K, capacity 3523K, committed 3584K, reserved 1048576K
}
Event: 8.692 GC heap after
{Heap after GC invocations=12 (full 0):
 garbage-first heap   total 37888K, used 12473K [0x00000000c1800000, 0x0000000100000000)
  region size 1024K, 3 young (3072K), 3 survivors (3072K)
 Metaspace       used 30138K, capacity 30541K, committed 30720K, reserved 1077248K
  class space    used 3400K, capacity 3523K, committed 3584K, reserved 1048576K
}
Event: 9.304 GC heap before
{Heap before GC invocations=12 (full 0):
 garbage-first heap   total 37888K, used 27833K [0x00000000c1800000, 0x0000000100000000)
  region size 1024K, 18 young (18432K), 3 survivors (3072K)
 Metaspace       used 33239K, capacity 33720K, committed 33920K, reserved 1079296K
  class space    used 3822K, capacity 3956K, committed 3968K, reserved 1048576K
}
Event: 9.311 GC heap after
{Heap after GC invocations=13 (full 0):
 garbage-first heap   total 37888K, used 14055K [0x00000000c1800000, 0x0000000100000000)
  region size 1024K, 3 young (3072K), 3 survivors (3072K)
 Metaspace       used 33239K, capacity 33720K, committed 33920K, reserved 1079296K
  class space    used 3822K, capacity 3956K, committed 3968K, reserved 1048576K
}
Event: 9.648 GC heap before
{Heap before GC invocations=13 (full 0):
 garbage-first heap   total 37888K, used 21223K [0x00000000c1800000, 0x0000000100000000)
  region size 1024K, 11 young (11264K), 3 survivors (3072K)
 Metaspace       used 35277K, capacity 35686K, committed 35840K, reserved 1081344K
  class space    used 4086K, capacity 4250K, committed 4352K, reserved 1048576K
}
Event: 9.653 GC heap after
{Heap after GC invocations=14 (full 0):
 garbage-first heap   total 37888K, used 14758K [0x00000000c1800000, 0x0000000100000000)
  region size 1024K, 1 young (1024K), 1 survivors (1024K)
 Metaspace       used 35277K, capacity 35686K, committed 35840K, reserved 1081344K
  class space    used 4086K, capacity 4250K, committed 4352K, reserved 1048576K
}
Event: 10.135 GC heap before
{Heap before GC invocations=15 (full 0):
 garbage-first heap   total 37888K, used 28070K [0x00000000c1800000, 0x0000000100000000)
  region size 1024K, 14 young (14336K), 1 survivors (1024K)
 Metaspace       used 38141K, capacity 38517K, committed 38784K, reserved 1083392K
  class space    used 4485K, capacity 4637K, committed 4736K, reserved 1048576K
}
Event: 10.138 GC heap after
{Heap after GC invocations=16 (full 0):
 garbage-first heap   total 37888K, used 15306K [0x00000000c1800000, 0x0000000100000000)
  region size 1024K, 2 young (2048K), 2 survivors (2048K)
 Metaspace       used 38141K, capacity 38517K, committed 38784K, reserved 1083392K
  class space    used 4485K, capacity 4637K, committed 4736K, reserved 1048576K
}
Event: 10.933 GC heap before
{Heap before GC invocations=16 (full 0):
 garbage-first heap   total 37888K, used 27594K [0x00000000c1800000, 0x0000000100000000)
  region size 1024K, 15 young (15360K), 2 survivors (2048K)
 Metaspace       used 42311K, capacity 42762K, committed 43008K, reserved 1087488K
  class space    used 5153K, capacity 5283K, committed 5376K, reserved 1048576K
}
Event: 10.936 GC heap after
{Heap after GC invocations=17 (full 0):
 garbage-first heap   total 37888K, used 16056K [0x00000000c1800000, 0x0000000100000000)
  region size 1024K, 2 young (2048K), 2 survivors (2048K)
 Metaspace       used 42311K, capacity 42762K, committed 43008K, reserved 1087488K
  class space    used 5153K, capacity 5283K, committed 5376K, reserved 1048576K
}

